09:55:04:BUS-stop:INFO: ***Logging start***
09:55:04:BUS-stop:INFO: task_path = ./data/SST-2/imbal/0
09:55:04:BUS-stop:INFO: {'task': 'SST-2', 'data_path': 'imbal/0', 'seed': 0, 'pt_model': 'TFBertModel', 'pt_model_checkpoint': './params/bert_base/', 'max_seq_length': 64, 'word_freeze': True, 'learning_rate': 3e-05, 'drop_rate': 0.2, 'epochs': 50, 'batch_size': 16, 'patience': 10, 'val_ratio': 0.5, 'T': 5, 'n_base': 5, 'n_que': 5, 'verbose': 0, 'cali_acc_or_f1': 'f1', 'bias_lab_or_val': 'val', 'log_prefix': 'imbal_'}
09:55:04:BUS-stop:INFO: os.environ['CUDA_VISIBLE_DEVICES'] = 2
09:55:04:BUS-stop:INFO: devices = ['/device:GPU:2']
09:55:04:BUS-stop:INFO: Number of devices: 1
09:55:04:BUS-stop:INFO: *******************
09:55:04:BUS-stop:INFO: ***Preprocessing***
09:55:04:BUS-stop:INFO: *******************
09:55:04:BUS-stop:INFO: In file ./data/SST-2/imbal/0/labeled.tsv, we read 100 samples, 
09:55:04:BUS-stop:INFO: where the class distribution is {'0': 50, '1': 50, None: 0}.
09:55:04:BUS-stop:INFO: In file ./data/SST-2/imbal/0/test_with_gold.tsv, we read 1000 samples, 
09:55:04:BUS-stop:INFO: where the class distribution is {'0': 200, '1': 800, None: 0}.
09:55:04:BUS-stop:INFO: In file ./data/SST-2/imbal/0/unlabeled.tsv, we read 1000 samples, 
09:55:04:BUS-stop:INFO: where the class distribution is {'0': 0, '1': 0, None: 1000}.
09:55:05:BUS-stop:INFO: Labeled//Test//Unlabeled matrix shape = (100, 64) // (1000, 64) // (1000, 64)
09:55:05:BUS-stop:INFO: ***Train***
09:55:05:BUS-stop:INFO: Example 0
09:55:05:BUS-stop:INFO: Label 0
09:55:05:BUS-stop:INFO: Token ids [  101  1037 18856 18163  6588  7609 14427 17312  1010  1037  2806  1011
  2489  6912  1999 16924  1998 26865  1012   102     0     0     0     0
     0     0     0     0     0     0     0     0     0     0     0     0
     0     0     0     0     0     0     0     0     0     0     0     0
     0     0     0     0     0     0     0     0     0     0     0     0
     0     0     0     0]
09:55:05:BUS-stop:INFO: Tokens ['[CLS]', 'a', 'cl', '##ums', '##ily', 'manufactured', 'exploitation', 'flick', ',', 'a', 'style', '-', 'free', 'exercise', 'in', 'manipulation', 'and', 'mayhem', '.', '[SEP]', '[PAD]', '[PAD]', '[PAD]', '[PAD]', '[PAD]', '[PAD]', '[PAD]', '[PAD]', '[PAD]', '[PAD]', '[PAD]', '[PAD]', '[PAD]', '[PAD]', '[PAD]', '[PAD]', '[PAD]', '[PAD]', '[PAD]', '[PAD]', '[PAD]', '[PAD]', '[PAD]', '[PAD]', '[PAD]', '[PAD]', '[PAD]', '[PAD]', '[PAD]', '[PAD]', '[PAD]', '[PAD]', '[PAD]', '[PAD]', '[PAD]', '[PAD]', '[PAD]', '[PAD]', '[PAD]', '[PAD]', '[PAD]', '[PAD]', '[PAD]', '[PAD]']
09:55:05:BUS-stop:INFO: Token mask [1 1 1 1 1 1 1 1 1 1 1 1 1 1 1 1 1 1 1 1 0 0 0 0 0 0 0 0 0 0 0 0 0 0 0 0 0
 0 0 0 0 0 0 0 0 0 0 0 0 0 0 0 0 0 0 0 0 0 0 0 0 0 0 0]
09:55:05:BUS-stop:INFO: ***Train***
09:55:05:BUS-stop:INFO: Example 1
09:55:05:BUS-stop:INFO: Label 0
09:55:05:BUS-stop:INFO: Token ids [  101  2004 17266  7507 11467  2004  2009  2003  4487 13102  8820  3468
  1012   102     0     0     0     0     0     0     0     0     0     0
     0     0     0     0     0     0     0     0     0     0     0     0
     0     0     0     0     0     0     0     0     0     0     0     0
     0     0     0     0     0     0     0     0     0     0     0     0
     0     0     0     0]
09:55:05:BUS-stop:INFO: Tokens ['[CLS]', 'as', 'sac', '##cha', '##rine', 'as', 'it', 'is', 'di', '##sp', '##osa', '##ble', '.', '[SEP]', '[PAD]', '[PAD]', '[PAD]', '[PAD]', '[PAD]', '[PAD]', '[PAD]', '[PAD]', '[PAD]', '[PAD]', '[PAD]', '[PAD]', '[PAD]', '[PAD]', '[PAD]', '[PAD]', '[PAD]', '[PAD]', '[PAD]', '[PAD]', '[PAD]', '[PAD]', '[PAD]', '[PAD]', '[PAD]', '[PAD]', '[PAD]', '[PAD]', '[PAD]', '[PAD]', '[PAD]', '[PAD]', '[PAD]', '[PAD]', '[PAD]', '[PAD]', '[PAD]', '[PAD]', '[PAD]', '[PAD]', '[PAD]', '[PAD]', '[PAD]', '[PAD]', '[PAD]', '[PAD]', '[PAD]', '[PAD]', '[PAD]', '[PAD]']
09:55:05:BUS-stop:INFO: Token mask [1 1 1 1 1 1 1 1 1 1 1 1 1 1 0 0 0 0 0 0 0 0 0 0 0 0 0 0 0 0 0 0 0 0 0 0 0
 0 0 0 0 0 0 0 0 0 0 0 0 0 0 0 0 0 0 0 0 0 0 0 0 0 0 0]
09:55:05:BUS-stop:INFO: ***Test***
09:55:05:BUS-stop:INFO: Example 0
09:55:05:BUS-stop:INFO: Label 0
09:55:05:BUS-stop:INFO: Token ids [ 101 2339 2002 2001 2445 2489 5853 2058 2023 2622 1011 1011 2002 2626
 1010 2856 1010 5652 1998 2550 1011 1011 2003 3458 2033 1012  102    0
    0    0    0    0    0    0    0    0    0    0    0    0    0    0
    0    0    0    0    0    0    0    0    0    0    0    0    0    0
    0    0    0    0    0    0    0    0]
09:55:05:BUS-stop:INFO: Tokens ['[CLS]', 'why', 'he', 'was', 'given', 'free', 'reign', 'over', 'this', 'project', '-', '-', 'he', 'wrote', ',', 'directed', ',', 'starred', 'and', 'produced', '-', '-', 'is', 'beyond', 'me', '.', '[SEP]', '[PAD]', '[PAD]', '[PAD]', '[PAD]', '[PAD]', '[PAD]', '[PAD]', '[PAD]', '[PAD]', '[PAD]', '[PAD]', '[PAD]', '[PAD]', '[PAD]', '[PAD]', '[PAD]', '[PAD]', '[PAD]', '[PAD]', '[PAD]', '[PAD]', '[PAD]', '[PAD]', '[PAD]', '[PAD]', '[PAD]', '[PAD]', '[PAD]', '[PAD]', '[PAD]', '[PAD]', '[PAD]', '[PAD]', '[PAD]', '[PAD]', '[PAD]', '[PAD]']
09:55:05:BUS-stop:INFO: Token mask [1 1 1 1 1 1 1 1 1 1 1 1 1 1 1 1 1 1 1 1 1 1 1 1 1 1 1 0 0 0 0 0 0 0 0 0 0
 0 0 0 0 0 0 0 0 0 0 0 0 0 0 0 0 0 0 0 0 0 0 0 0 0 0 0]
09:55:05:BUS-stop:INFO: ***Test***
09:55:05:BUS-stop:INFO: Example 1
09:55:05:BUS-stop:INFO: Label 0
09:55:05:BUS-stop:INFO: Token ids [  101  2045  1005  1055  8636  1997 12537  1998  2059  2045  1005  1055
  2919  3898 18560  1012  1012  1012  2023  2143 15173  1037  2813  7361
  1997  1996  3732  1012   102     0     0     0     0     0     0     0
     0     0     0     0     0     0     0     0     0     0     0     0
     0     0     0     0     0     0     0     0     0     0     0     0
     0     0     0     0]
09:55:05:BUS-stop:INFO: Tokens ['[CLS]', 'there', "'", 's', 'suspension', 'of', 'disbelief', 'and', 'then', 'there', "'", 's', 'bad', 'screen', '##writing', '.', '.', '.', 'this', 'film', 'packs', 'a', 'wall', '##op', 'of', 'the', 'latter', '.', '[SEP]', '[PAD]', '[PAD]', '[PAD]', '[PAD]', '[PAD]', '[PAD]', '[PAD]', '[PAD]', '[PAD]', '[PAD]', '[PAD]', '[PAD]', '[PAD]', '[PAD]', '[PAD]', '[PAD]', '[PAD]', '[PAD]', '[PAD]', '[PAD]', '[PAD]', '[PAD]', '[PAD]', '[PAD]', '[PAD]', '[PAD]', '[PAD]', '[PAD]', '[PAD]', '[PAD]', '[PAD]', '[PAD]', '[PAD]', '[PAD]', '[PAD]']
09:55:05:BUS-stop:INFO: Token mask [1 1 1 1 1 1 1 1 1 1 1 1 1 1 1 1 1 1 1 1 1 1 1 1 1 1 1 1 1 0 0 0 0 0 0 0 0
 0 0 0 0 0 0 0 0 0 0 0 0 0 0 0 0 0 0 0 0 0 0 0 0 0 0 0]
09:55:05:BUS-stop:INFO: ***Unlabeled***
09:55:05:BUS-stop:INFO: Example 0
09:55:05:BUS-stop:INFO: Token ids [ 101 2339 2002 2001 2445 2489 5853 2058 2023 2622 1011 1011 2002 2626
 1010 2856 1010 5652 1998 2550 1011 1011 2003 3458 2033 1012  102    0
    0    0    0    0    0    0    0    0    0    0    0    0    0    0
    0    0    0    0    0    0    0    0    0    0    0    0    0    0
    0    0    0    0    0    0    0    0]
09:55:05:BUS-stop:INFO: Tokens ['[CLS]', 'why', 'he', 'was', 'given', 'free', 'reign', 'over', 'this', 'project', '-', '-', 'he', 'wrote', ',', 'directed', ',', 'starred', 'and', 'produced', '-', '-', 'is', 'beyond', 'me', '.', '[SEP]', '[PAD]', '[PAD]', '[PAD]', '[PAD]', '[PAD]', '[PAD]', '[PAD]', '[PAD]', '[PAD]', '[PAD]', '[PAD]', '[PAD]', '[PAD]', '[PAD]', '[PAD]', '[PAD]', '[PAD]', '[PAD]', '[PAD]', '[PAD]', '[PAD]', '[PAD]', '[PAD]', '[PAD]', '[PAD]', '[PAD]', '[PAD]', '[PAD]', '[PAD]', '[PAD]', '[PAD]', '[PAD]', '[PAD]', '[PAD]', '[PAD]', '[PAD]', '[PAD]']
09:55:05:BUS-stop:INFO: Token mask [1 1 1 1 1 1 1 1 1 1 1 1 1 1 1 1 1 1 1 1 1 1 1 1 1 1 1 0 0 0 0 0 0 0 0 0 0
 0 0 0 0 0 0 0 0 0 0 0 0 0 0 0 0 0 0 0 0 0 0 0 0 0 0 0]
09:55:05:BUS-stop:INFO: ***Unlabeled***
09:55:05:BUS-stop:INFO: Example 1
09:55:05:BUS-stop:INFO: Token ids [  101  2045  1005  1055  8636  1997 12537  1998  2059  2045  1005  1055
  2919  3898 18560  1012  1012  1012  2023  2143 15173  1037  2813  7361
  1997  1996  3732  1012   102     0     0     0     0     0     0     0
     0     0     0     0     0     0     0     0     0     0     0     0
     0     0     0     0     0     0     0     0     0     0     0     0
     0     0     0     0]
09:55:05:BUS-stop:INFO: Tokens ['[CLS]', 'there', "'", 's', 'suspension', 'of', 'disbelief', 'and', 'then', 'there', "'", 's', 'bad', 'screen', '##writing', '.', '.', '.', 'this', 'film', 'packs', 'a', 'wall', '##op', 'of', 'the', 'latter', '.', '[SEP]', '[PAD]', '[PAD]', '[PAD]', '[PAD]', '[PAD]', '[PAD]', '[PAD]', '[PAD]', '[PAD]', '[PAD]', '[PAD]', '[PAD]', '[PAD]', '[PAD]', '[PAD]', '[PAD]', '[PAD]', '[PAD]', '[PAD]', '[PAD]', '[PAD]', '[PAD]', '[PAD]', '[PAD]', '[PAD]', '[PAD]', '[PAD]', '[PAD]', '[PAD]', '[PAD]', '[PAD]', '[PAD]', '[PAD]', '[PAD]', '[PAD]']
09:55:05:BUS-stop:INFO: Token mask [1 1 1 1 1 1 1 1 1 1 1 1 1 1 1 1 1 1 1 1 1 1 1 1 1 1 1 1 1 0 0 0 0 0 0 0 0
 0 0 0 0 0 0 0 0 0 0 0 0 0 0 0 0 0 0 0 0 0 0 0 0 0 0 0]
09:55:12:BUS-stop:INFO: ***********************
09:55:12:BUS-stop:INFO: ***Preliminary stage***
09:55:12:BUS-stop:INFO: ***********************
09:58:11:BUS-stop:INFO: In 0-th run, [best_val_acc,best_val_loss] = [0.84,0.4187].
10:01:22:BUS-stop:INFO: In 1-th run, [best_val_acc,best_val_loss] = [0.8,0.4244].
10:04:30:BUS-stop:INFO: In 2-th run, [best_val_acc,best_val_loss] = [0.86,0.2669].
10:07:38:BUS-stop:INFO: In 3-th run, [best_val_acc,best_val_loss] = [0.88,0.2718].
10:10:36:BUS-stop:INFO: In 4-th run, [best_val_acc,best_val_loss] = [0.8,0.4494].
10:10:36:BUS-stop:INFO: p_l_conf = [0.6596,0.6646,0.6654,...,0.9892,0.9909,0.9923]
10:10:36:BUS-stop:INFO: class distribution of unlabeled data: pred [0.2715 0.7285] -> cali [0.1645 0.8355]
10:10:36:BUS-stop:INFO: ****************
10:10:36:BUS-stop:INFO: ***Main stage***
10:10:36:BUS-stop:INFO: ****************
10:10:57:BUS-stop:INFO: Epoch 1, s_conf=3.5489, s_class=0.8105, tst_acc=0.495, tst_loss=0.7027
10:11:04:BUS-stop:INFO: Epoch 2, s_conf=3.3716, s_class=0.8196, tst_acc=0.601, tst_loss=0.6694
10:11:10:BUS-stop:INFO: Epoch 3, s_conf=2.7869, s_class=0.8809, tst_acc=0.759, tst_loss=0.5621
10:11:17:BUS-stop:INFO: Epoch 4, s_conf=2.432, s_class=0.8022, tst_acc=0.638, tst_loss=0.6356
10:11:23:BUS-stop:INFO: Epoch 5, s_conf=1.5654, s_class=0.9906, tst_acc=0.868, tst_loss=0.3179
10:11:30:BUS-stop:INFO: Epoch 6, s_conf=1.4395, s_class=0.9448, tst_acc=0.789, tst_loss=0.4788
10:11:36:BUS-stop:INFO: Epoch 7, s_conf=1.3923, s_class=0.9837, tst_acc=0.846, tst_loss=0.4111
10:11:43:BUS-stop:INFO: Epoch 8, s_conf=1.675, s_class=0.9975, tst_acc=0.878, tst_loss=0.3941
10:11:49:BUS-stop:INFO: Epoch 9, s_conf=1.4144, s_class=0.9762, tst_acc=0.818, tst_loss=0.5858
10:11:56:BUS-stop:INFO: Epoch 10, s_conf=1.52, s_class=0.9087, tst_acc=0.746, tst_loss=1.0235
10:12:02:BUS-stop:INFO: Epoch 11, s_conf=1.406, s_class=0.9629, tst_acc=0.799, tst_loss=0.7741
10:12:09:BUS-stop:INFO: Epoch 12, s_conf=1.5742, s_class=0.9915, tst_acc=0.851, tst_loss=0.6008
10:12:09:BUS-stop:INFO: ***End training***
10:12:09:BUS-stop:INFO: ***Load the model and Evaluate on test data***
10:12:09:BUS-stop:INFO: BUS-stop's stop_epoch = 8
10:12:12:BUS-stop:INFO: Final tst_acc : 0.878, tst_loss : 0.3941 

10:12:16:BUS-stop:INFO: ***Logging start***
10:12:16:BUS-stop:INFO: task_path = ./data/SST-2/imbal/1
10:12:16:BUS-stop:INFO: {'task': 'SST-2', 'data_path': 'imbal/1', 'seed': 1, 'pt_model': 'TFBertModel', 'pt_model_checkpoint': './params/bert_base/', 'max_seq_length': 64, 'word_freeze': True, 'learning_rate': 3e-05, 'drop_rate': 0.2, 'epochs': 50, 'batch_size': 16, 'patience': 10, 'val_ratio': 0.5, 'T': 5, 'n_base': 5, 'n_que': 5, 'verbose': 0, 'cali_acc_or_f1': 'f1', 'bias_lab_or_val': 'val', 'log_prefix': 'imbal_'}
10:12:16:BUS-stop:INFO: os.environ['CUDA_VISIBLE_DEVICES'] = 2
10:12:16:BUS-stop:INFO: devices = ['/device:GPU:2']
10:12:16:BUS-stop:INFO: Number of devices: 1
10:12:16:BUS-stop:INFO: *******************
10:12:16:BUS-stop:INFO: ***Preprocessing***
10:12:16:BUS-stop:INFO: *******************
10:12:16:BUS-stop:INFO: In file ./data/SST-2/imbal/1/labeled.tsv, we read 100 samples, 
10:12:16:BUS-stop:INFO: where the class distribution is {'0': 50, '1': 50, None: 0}.
10:12:16:BUS-stop:INFO: In file ./data/SST-2/imbal/1/test_with_gold.tsv, we read 1000 samples, 
10:12:16:BUS-stop:INFO: where the class distribution is {'0': 200, '1': 800, None: 0}.
10:12:16:BUS-stop:INFO: In file ./data/SST-2/imbal/1/unlabeled.tsv, we read 1000 samples, 
10:12:16:BUS-stop:INFO: where the class distribution is {'0': 0, '1': 0, None: 1000}.
10:12:16:BUS-stop:INFO: Labeled//Test//Unlabeled matrix shape = (100, 64) // (1000, 64) // (1000, 64)
10:12:16:BUS-stop:INFO: ***Train***
10:12:16:BUS-stop:INFO: Example 0
10:12:16:BUS-stop:INFO: Label 0
10:12:16:BUS-stop:INFO: Token ids [ 101 3251 4463 1060 2003 2023 2919 2006 3800 2003 2196 3154 1012  102
    0    0    0    0    0    0    0    0    0    0    0    0    0    0
    0    0    0    0    0    0    0    0    0    0    0    0    0    0
    0    0    0    0    0    0    0    0    0    0    0    0    0    0
    0    0    0    0    0    0    0    0]
10:12:16:BUS-stop:INFO: Tokens ['[CLS]', 'whether', 'jason', 'x', 'is', 'this', 'bad', 'on', 'purpose', 'is', 'never', 'clear', '.', '[SEP]', '[PAD]', '[PAD]', '[PAD]', '[PAD]', '[PAD]', '[PAD]', '[PAD]', '[PAD]', '[PAD]', '[PAD]', '[PAD]', '[PAD]', '[PAD]', '[PAD]', '[PAD]', '[PAD]', '[PAD]', '[PAD]', '[PAD]', '[PAD]', '[PAD]', '[PAD]', '[PAD]', '[PAD]', '[PAD]', '[PAD]', '[PAD]', '[PAD]', '[PAD]', '[PAD]', '[PAD]', '[PAD]', '[PAD]', '[PAD]', '[PAD]', '[PAD]', '[PAD]', '[PAD]', '[PAD]', '[PAD]', '[PAD]', '[PAD]', '[PAD]', '[PAD]', '[PAD]', '[PAD]', '[PAD]', '[PAD]', '[PAD]', '[PAD]']
10:12:16:BUS-stop:INFO: Token mask [1 1 1 1 1 1 1 1 1 1 1 1 1 1 0 0 0 0 0 0 0 0 0 0 0 0 0 0 0 0 0 0 0 0 0 0 0
 0 0 0 0 0 0 0 0 0 0 0 0 0 0 0 0 0 0 0 0 0 0 0 0 0 0 0]
10:12:16:BUS-stop:INFO: ***Train***
10:12:16:BUS-stop:INFO: Example 1
10:12:16:BUS-stop:INFO: Label 0
10:12:16:BUS-stop:INFO: Token ids [ 101 2096 2023 2143 2038 2019 1036 1037 1005 2862 3459 1998 2070 2844
 4637 2867 1010 1996 6925 1011 1011 2066 2049 2430 3275 1010 6819 5737
 1011 1011 2003 2074 1037 2210 2978 2524 2000 2293 1012  102    0    0
    0    0    0    0    0    0    0    0    0    0    0    0    0    0
    0    0    0    0    0    0    0    0]
10:12:16:BUS-stop:INFO: Tokens ['[CLS]', 'while', 'this', 'film', 'has', 'an', '`', 'a', "'", 'list', 'cast', 'and', 'some', 'strong', 'supporting', 'players', ',', 'the', 'tale', '-', '-', 'like', 'its', 'central', 'figure', ',', 'vi', '##vi', '-', '-', 'is', 'just', 'a', 'little', 'bit', 'hard', 'to', 'love', '.', '[SEP]', '[PAD]', '[PAD]', '[PAD]', '[PAD]', '[PAD]', '[PAD]', '[PAD]', '[PAD]', '[PAD]', '[PAD]', '[PAD]', '[PAD]', '[PAD]', '[PAD]', '[PAD]', '[PAD]', '[PAD]', '[PAD]', '[PAD]', '[PAD]', '[PAD]', '[PAD]', '[PAD]', '[PAD]']
10:12:16:BUS-stop:INFO: Token mask [1 1 1 1 1 1 1 1 1 1 1 1 1 1 1 1 1 1 1 1 1 1 1 1 1 1 1 1 1 1 1 1 1 1 1 1 1
 1 1 1 0 0 0 0 0 0 0 0 0 0 0 0 0 0 0 0 0 0 0 0 0 0 0 0]
10:12:16:BUS-stop:INFO: ***Test***
10:12:16:BUS-stop:INFO: Example 0
10:12:16:BUS-stop:INFO: Label 0
10:12:16:BUS-stop:INFO: Token ids [ 101 2339 2002 2001 2445 2489 5853 2058 2023 2622 1011 1011 2002 2626
 1010 2856 1010 5652 1998 2550 1011 1011 2003 3458 2033 1012  102    0
    0    0    0    0    0    0    0    0    0    0    0    0    0    0
    0    0    0    0    0    0    0    0    0    0    0    0    0    0
    0    0    0    0    0    0    0    0]
10:12:16:BUS-stop:INFO: Tokens ['[CLS]', 'why', 'he', 'was', 'given', 'free', 'reign', 'over', 'this', 'project', '-', '-', 'he', 'wrote', ',', 'directed', ',', 'starred', 'and', 'produced', '-', '-', 'is', 'beyond', 'me', '.', '[SEP]', '[PAD]', '[PAD]', '[PAD]', '[PAD]', '[PAD]', '[PAD]', '[PAD]', '[PAD]', '[PAD]', '[PAD]', '[PAD]', '[PAD]', '[PAD]', '[PAD]', '[PAD]', '[PAD]', '[PAD]', '[PAD]', '[PAD]', '[PAD]', '[PAD]', '[PAD]', '[PAD]', '[PAD]', '[PAD]', '[PAD]', '[PAD]', '[PAD]', '[PAD]', '[PAD]', '[PAD]', '[PAD]', '[PAD]', '[PAD]', '[PAD]', '[PAD]', '[PAD]']
10:12:16:BUS-stop:INFO: Token mask [1 1 1 1 1 1 1 1 1 1 1 1 1 1 1 1 1 1 1 1 1 1 1 1 1 1 1 0 0 0 0 0 0 0 0 0 0
 0 0 0 0 0 0 0 0 0 0 0 0 0 0 0 0 0 0 0 0 0 0 0 0 0 0 0]
10:12:16:BUS-stop:INFO: ***Test***
10:12:16:BUS-stop:INFO: Example 1
10:12:16:BUS-stop:INFO: Label 0
10:12:16:BUS-stop:INFO: Token ids [  101  2045  1005  1055  8636  1997 12537  1998  2059  2045  1005  1055
  2919  3898 18560  1012  1012  1012  2023  2143 15173  1037  2813  7361
  1997  1996  3732  1012   102     0     0     0     0     0     0     0
     0     0     0     0     0     0     0     0     0     0     0     0
     0     0     0     0     0     0     0     0     0     0     0     0
     0     0     0     0]
10:12:16:BUS-stop:INFO: Tokens ['[CLS]', 'there', "'", 's', 'suspension', 'of', 'disbelief', 'and', 'then', 'there', "'", 's', 'bad', 'screen', '##writing', '.', '.', '.', 'this', 'film', 'packs', 'a', 'wall', '##op', 'of', 'the', 'latter', '.', '[SEP]', '[PAD]', '[PAD]', '[PAD]', '[PAD]', '[PAD]', '[PAD]', '[PAD]', '[PAD]', '[PAD]', '[PAD]', '[PAD]', '[PAD]', '[PAD]', '[PAD]', '[PAD]', '[PAD]', '[PAD]', '[PAD]', '[PAD]', '[PAD]', '[PAD]', '[PAD]', '[PAD]', '[PAD]', '[PAD]', '[PAD]', '[PAD]', '[PAD]', '[PAD]', '[PAD]', '[PAD]', '[PAD]', '[PAD]', '[PAD]', '[PAD]']
10:12:16:BUS-stop:INFO: Token mask [1 1 1 1 1 1 1 1 1 1 1 1 1 1 1 1 1 1 1 1 1 1 1 1 1 1 1 1 1 0 0 0 0 0 0 0 0
 0 0 0 0 0 0 0 0 0 0 0 0 0 0 0 0 0 0 0 0 0 0 0 0 0 0 0]
10:12:16:BUS-stop:INFO: ***Unlabeled***
10:12:16:BUS-stop:INFO: Example 0
10:12:16:BUS-stop:INFO: Token ids [ 101 2339 2002 2001 2445 2489 5853 2058 2023 2622 1011 1011 2002 2626
 1010 2856 1010 5652 1998 2550 1011 1011 2003 3458 2033 1012  102    0
    0    0    0    0    0    0    0    0    0    0    0    0    0    0
    0    0    0    0    0    0    0    0    0    0    0    0    0    0
    0    0    0    0    0    0    0    0]
10:12:16:BUS-stop:INFO: Tokens ['[CLS]', 'why', 'he', 'was', 'given', 'free', 'reign', 'over', 'this', 'project', '-', '-', 'he', 'wrote', ',', 'directed', ',', 'starred', 'and', 'produced', '-', '-', 'is', 'beyond', 'me', '.', '[SEP]', '[PAD]', '[PAD]', '[PAD]', '[PAD]', '[PAD]', '[PAD]', '[PAD]', '[PAD]', '[PAD]', '[PAD]', '[PAD]', '[PAD]', '[PAD]', '[PAD]', '[PAD]', '[PAD]', '[PAD]', '[PAD]', '[PAD]', '[PAD]', '[PAD]', '[PAD]', '[PAD]', '[PAD]', '[PAD]', '[PAD]', '[PAD]', '[PAD]', '[PAD]', '[PAD]', '[PAD]', '[PAD]', '[PAD]', '[PAD]', '[PAD]', '[PAD]', '[PAD]']
10:12:16:BUS-stop:INFO: Token mask [1 1 1 1 1 1 1 1 1 1 1 1 1 1 1 1 1 1 1 1 1 1 1 1 1 1 1 0 0 0 0 0 0 0 0 0 0
 0 0 0 0 0 0 0 0 0 0 0 0 0 0 0 0 0 0 0 0 0 0 0 0 0 0 0]
10:12:16:BUS-stop:INFO: ***Unlabeled***
10:12:16:BUS-stop:INFO: Example 1
10:12:16:BUS-stop:INFO: Token ids [  101  2045  1005  1055  8636  1997 12537  1998  2059  2045  1005  1055
  2919  3898 18560  1012  1012  1012  2023  2143 15173  1037  2813  7361
  1997  1996  3732  1012   102     0     0     0     0     0     0     0
     0     0     0     0     0     0     0     0     0     0     0     0
     0     0     0     0     0     0     0     0     0     0     0     0
     0     0     0     0]
10:12:16:BUS-stop:INFO: Tokens ['[CLS]', 'there', "'", 's', 'suspension', 'of', 'disbelief', 'and', 'then', 'there', "'", 's', 'bad', 'screen', '##writing', '.', '.', '.', 'this', 'film', 'packs', 'a', 'wall', '##op', 'of', 'the', 'latter', '.', '[SEP]', '[PAD]', '[PAD]', '[PAD]', '[PAD]', '[PAD]', '[PAD]', '[PAD]', '[PAD]', '[PAD]', '[PAD]', '[PAD]', '[PAD]', '[PAD]', '[PAD]', '[PAD]', '[PAD]', '[PAD]', '[PAD]', '[PAD]', '[PAD]', '[PAD]', '[PAD]', '[PAD]', '[PAD]', '[PAD]', '[PAD]', '[PAD]', '[PAD]', '[PAD]', '[PAD]', '[PAD]', '[PAD]', '[PAD]', '[PAD]', '[PAD]']
10:12:16:BUS-stop:INFO: Token mask [1 1 1 1 1 1 1 1 1 1 1 1 1 1 1 1 1 1 1 1 1 1 1 1 1 1 1 1 1 0 0 0 0 0 0 0 0
 0 0 0 0 0 0 0 0 0 0 0 0 0 0 0 0 0 0 0 0 0 0 0 0 0 0 0]
10:12:23:BUS-stop:INFO: ***********************
10:12:23:BUS-stop:INFO: ***Preliminary stage***
10:12:23:BUS-stop:INFO: ***********************
10:15:05:BUS-stop:INFO: In 0-th run, [best_val_acc,best_val_loss] = [0.64,0.5687].
10:18:01:BUS-stop:INFO: In 1-th run, [best_val_acc,best_val_loss] = [0.74,0.5349].
10:20:50:BUS-stop:INFO: In 2-th run, [best_val_acc,best_val_loss] = [0.78,0.5343].
10:23:43:BUS-stop:INFO: In 3-th run, [best_val_acc,best_val_loss] = [0.78,0.4826].
10:26:23:BUS-stop:INFO: In 4-th run, [best_val_acc,best_val_loss] = [0.8,0.5184].
10:26:23:BUS-stop:INFO: p_l_conf = [0.5467,0.5817,0.5826,...,0.941,0.9424,0.9486]
10:26:23:BUS-stop:INFO: class distribution of unlabeled data: pred [0.3197 0.6803] -> cali [0.1579 0.8421]
10:26:23:BUS-stop:INFO: ****************
10:26:23:BUS-stop:INFO: ***Main stage***
10:26:23:BUS-stop:INFO: ****************
10:26:44:BUS-stop:INFO: Epoch 1, s_conf=2.2026, s_class=0.8868, tst_acc=0.794, tst_loss=0.6204
10:26:50:BUS-stop:INFO: Epoch 2, s_conf=2.4086, s_class=0.7849, tst_acc=0.426, tst_loss=0.7157
10:26:57:BUS-stop:INFO: Epoch 3, s_conf=2.0356, s_class=0.8548, tst_acc=0.739, tst_loss=0.6075
10:27:03:BUS-stop:INFO: Epoch 4, s_conf=1.485, s_class=0.9301, tst_acc=0.814, tst_loss=0.4756
10:27:10:BUS-stop:INFO: Epoch 5, s_conf=1.584, s_class=0.9432, tst_acc=0.84, tst_loss=0.4032
10:27:16:BUS-stop:INFO: Epoch 6, s_conf=1.9543, s_class=0.9478, tst_acc=0.823, tst_loss=0.4044
10:27:23:BUS-stop:INFO: Epoch 7, s_conf=2.0447, s_class=0.9958, tst_acc=0.885, tst_loss=0.293
10:27:29:BUS-stop:INFO: Epoch 8, s_conf=2.3039, s_class=0.9397, tst_acc=0.805, tst_loss=0.5437
10:27:35:BUS-stop:INFO: Epoch 9, s_conf=2.2979, s_class=0.8803, tst_acc=0.744, tst_loss=0.7674
10:27:35:BUS-stop:INFO: ***End training***
10:27:35:BUS-stop:INFO: ***Load the model and Evaluate on test data***
10:27:35:BUS-stop:INFO: BUS-stop's stop_epoch = 7
10:27:39:BUS-stop:INFO: Final tst_acc : 0.885, tst_loss : 0.293 

10:27:43:BUS-stop:INFO: ***Logging start***
10:27:43:BUS-stop:INFO: task_path = ./data/SST-2/imbal/2
10:27:43:BUS-stop:INFO: {'task': 'SST-2', 'data_path': 'imbal/2', 'seed': 2, 'pt_model': 'TFBertModel', 'pt_model_checkpoint': './params/bert_base/', 'max_seq_length': 64, 'word_freeze': True, 'learning_rate': 3e-05, 'drop_rate': 0.2, 'epochs': 50, 'batch_size': 16, 'patience': 10, 'val_ratio': 0.5, 'T': 5, 'n_base': 5, 'n_que': 5, 'verbose': 0, 'cali_acc_or_f1': 'f1', 'bias_lab_or_val': 'val', 'log_prefix': 'imbal_'}
10:27:43:BUS-stop:INFO: os.environ['CUDA_VISIBLE_DEVICES'] = 2
10:27:43:BUS-stop:INFO: devices = ['/device:GPU:2']
10:27:43:BUS-stop:INFO: Number of devices: 1
10:27:43:BUS-stop:INFO: *******************
10:27:43:BUS-stop:INFO: ***Preprocessing***
10:27:43:BUS-stop:INFO: *******************
10:27:43:BUS-stop:INFO: In file ./data/SST-2/imbal/2/labeled.tsv, we read 100 samples, 
10:27:43:BUS-stop:INFO: where the class distribution is {'0': 50, '1': 50, None: 0}.
10:27:43:BUS-stop:INFO: In file ./data/SST-2/imbal/2/test_with_gold.tsv, we read 1000 samples, 
10:27:43:BUS-stop:INFO: where the class distribution is {'0': 200, '1': 800, None: 0}.
10:27:43:BUS-stop:INFO: In file ./data/SST-2/imbal/2/unlabeled.tsv, we read 1000 samples, 
10:27:43:BUS-stop:INFO: where the class distribution is {'0': 0, '1': 0, None: 1000}.
10:27:43:BUS-stop:INFO: Labeled//Test//Unlabeled matrix shape = (100, 64) // (1000, 64) // (1000, 64)
10:27:43:BUS-stop:INFO: ***Train***
10:27:43:BUS-stop:INFO: Example 0
10:27:43:BUS-stop:INFO: Label 0
10:27:43:BUS-stop:INFO: Token ids [ 101 2074 2043 2017 2228 2017 2024 2437 3168 1997 2009 1010 2242 6433
 2008 4136 2017 2045 2003 2053 3168 1012  102    0    0    0    0    0
    0    0    0    0    0    0    0    0    0    0    0    0    0    0
    0    0    0    0    0    0    0    0    0    0    0    0    0    0
    0    0    0    0    0    0    0    0]
10:27:43:BUS-stop:INFO: Tokens ['[CLS]', 'just', 'when', 'you', 'think', 'you', 'are', 'making', 'sense', 'of', 'it', ',', 'something', 'happens', 'that', 'tells', 'you', 'there', 'is', 'no', 'sense', '.', '[SEP]', '[PAD]', '[PAD]', '[PAD]', '[PAD]', '[PAD]', '[PAD]', '[PAD]', '[PAD]', '[PAD]', '[PAD]', '[PAD]', '[PAD]', '[PAD]', '[PAD]', '[PAD]', '[PAD]', '[PAD]', '[PAD]', '[PAD]', '[PAD]', '[PAD]', '[PAD]', '[PAD]', '[PAD]', '[PAD]', '[PAD]', '[PAD]', '[PAD]', '[PAD]', '[PAD]', '[PAD]', '[PAD]', '[PAD]', '[PAD]', '[PAD]', '[PAD]', '[PAD]', '[PAD]', '[PAD]', '[PAD]', '[PAD]']
10:27:43:BUS-stop:INFO: Token mask [1 1 1 1 1 1 1 1 1 1 1 1 1 1 1 1 1 1 1 1 1 1 1 0 0 0 0 0 0 0 0 0 0 0 0 0 0
 0 0 0 0 0 0 0 0 0 0 0 0 0 0 0 0 0 0 0 0 0 0 0 0 0 0 0]
10:27:43:BUS-stop:INFO: ***Train***
10:27:43:BUS-stop:INFO: Example 1
10:27:43:BUS-stop:INFO: Label 0
10:27:43:BUS-stop:INFO: Token ids [  101  1012  1012  1012  4406  1011  1048 15185  1011  8040  5668  6810
  1005  1055  2812  4534  1011 25269  2497  1011  1010  6683  9317  2003
  7687 22808  1997  5875  3494  2030  2130  1037  8576 23824  5436  1012
   102     0     0     0     0     0     0     0     0     0     0     0
     0     0     0     0     0     0     0     0     0     0     0     0
     0     0     0     0]
10:27:43:BUS-stop:INFO: Tokens ['[CLS]', '.', '.', '.', 'unlike', '-', 'l', '##rb', '-', 'sc', '##ors', '##ese', "'", 's', 'mean', 'streets', '-', 'rr', '##b', '-', ',', 'ash', 'wednesday', 'is', 'essentially', 'devoid', 'of', 'interesting', 'characters', 'or', 'even', 'a', 'halfway', 'intriguing', 'plot', '.', '[SEP]', '[PAD]', '[PAD]', '[PAD]', '[PAD]', '[PAD]', '[PAD]', '[PAD]', '[PAD]', '[PAD]', '[PAD]', '[PAD]', '[PAD]', '[PAD]', '[PAD]', '[PAD]', '[PAD]', '[PAD]', '[PAD]', '[PAD]', '[PAD]', '[PAD]', '[PAD]', '[PAD]', '[PAD]', '[PAD]', '[PAD]', '[PAD]']
10:27:43:BUS-stop:INFO: Token mask [1 1 1 1 1 1 1 1 1 1 1 1 1 1 1 1 1 1 1 1 1 1 1 1 1 1 1 1 1 1 1 1 1 1 1 1 1
 0 0 0 0 0 0 0 0 0 0 0 0 0 0 0 0 0 0 0 0 0 0 0 0 0 0 0]
10:27:43:BUS-stop:INFO: ***Test***
10:27:43:BUS-stop:INFO: Example 0
10:27:43:BUS-stop:INFO: Label 0
10:27:43:BUS-stop:INFO: Token ids [ 101 2339 2002 2001 2445 2489 5853 2058 2023 2622 1011 1011 2002 2626
 1010 2856 1010 5652 1998 2550 1011 1011 2003 3458 2033 1012  102    0
    0    0    0    0    0    0    0    0    0    0    0    0    0    0
    0    0    0    0    0    0    0    0    0    0    0    0    0    0
    0    0    0    0    0    0    0    0]
10:27:43:BUS-stop:INFO: Tokens ['[CLS]', 'why', 'he', 'was', 'given', 'free', 'reign', 'over', 'this', 'project', '-', '-', 'he', 'wrote', ',', 'directed', ',', 'starred', 'and', 'produced', '-', '-', 'is', 'beyond', 'me', '.', '[SEP]', '[PAD]', '[PAD]', '[PAD]', '[PAD]', '[PAD]', '[PAD]', '[PAD]', '[PAD]', '[PAD]', '[PAD]', '[PAD]', '[PAD]', '[PAD]', '[PAD]', '[PAD]', '[PAD]', '[PAD]', '[PAD]', '[PAD]', '[PAD]', '[PAD]', '[PAD]', '[PAD]', '[PAD]', '[PAD]', '[PAD]', '[PAD]', '[PAD]', '[PAD]', '[PAD]', '[PAD]', '[PAD]', '[PAD]', '[PAD]', '[PAD]', '[PAD]', '[PAD]']
10:27:43:BUS-stop:INFO: Token mask [1 1 1 1 1 1 1 1 1 1 1 1 1 1 1 1 1 1 1 1 1 1 1 1 1 1 1 0 0 0 0 0 0 0 0 0 0
 0 0 0 0 0 0 0 0 0 0 0 0 0 0 0 0 0 0 0 0 0 0 0 0 0 0 0]
10:27:43:BUS-stop:INFO: ***Test***
10:27:43:BUS-stop:INFO: Example 1
10:27:43:BUS-stop:INFO: Label 0
10:27:43:BUS-stop:INFO: Token ids [  101  2045  1005  1055  8636  1997 12537  1998  2059  2045  1005  1055
  2919  3898 18560  1012  1012  1012  2023  2143 15173  1037  2813  7361
  1997  1996  3732  1012   102     0     0     0     0     0     0     0
     0     0     0     0     0     0     0     0     0     0     0     0
     0     0     0     0     0     0     0     0     0     0     0     0
     0     0     0     0]
10:27:43:BUS-stop:INFO: Tokens ['[CLS]', 'there', "'", 's', 'suspension', 'of', 'disbelief', 'and', 'then', 'there', "'", 's', 'bad', 'screen', '##writing', '.', '.', '.', 'this', 'film', 'packs', 'a', 'wall', '##op', 'of', 'the', 'latter', '.', '[SEP]', '[PAD]', '[PAD]', '[PAD]', '[PAD]', '[PAD]', '[PAD]', '[PAD]', '[PAD]', '[PAD]', '[PAD]', '[PAD]', '[PAD]', '[PAD]', '[PAD]', '[PAD]', '[PAD]', '[PAD]', '[PAD]', '[PAD]', '[PAD]', '[PAD]', '[PAD]', '[PAD]', '[PAD]', '[PAD]', '[PAD]', '[PAD]', '[PAD]', '[PAD]', '[PAD]', '[PAD]', '[PAD]', '[PAD]', '[PAD]', '[PAD]']
10:27:43:BUS-stop:INFO: Token mask [1 1 1 1 1 1 1 1 1 1 1 1 1 1 1 1 1 1 1 1 1 1 1 1 1 1 1 1 1 0 0 0 0 0 0 0 0
 0 0 0 0 0 0 0 0 0 0 0 0 0 0 0 0 0 0 0 0 0 0 0 0 0 0 0]
10:27:43:BUS-stop:INFO: ***Unlabeled***
10:27:43:BUS-stop:INFO: Example 0
10:27:43:BUS-stop:INFO: Token ids [ 101 2339 2002 2001 2445 2489 5853 2058 2023 2622 1011 1011 2002 2626
 1010 2856 1010 5652 1998 2550 1011 1011 2003 3458 2033 1012  102    0
    0    0    0    0    0    0    0    0    0    0    0    0    0    0
    0    0    0    0    0    0    0    0    0    0    0    0    0    0
    0    0    0    0    0    0    0    0]
10:27:43:BUS-stop:INFO: Tokens ['[CLS]', 'why', 'he', 'was', 'given', 'free', 'reign', 'over', 'this', 'project', '-', '-', 'he', 'wrote', ',', 'directed', ',', 'starred', 'and', 'produced', '-', '-', 'is', 'beyond', 'me', '.', '[SEP]', '[PAD]', '[PAD]', '[PAD]', '[PAD]', '[PAD]', '[PAD]', '[PAD]', '[PAD]', '[PAD]', '[PAD]', '[PAD]', '[PAD]', '[PAD]', '[PAD]', '[PAD]', '[PAD]', '[PAD]', '[PAD]', '[PAD]', '[PAD]', '[PAD]', '[PAD]', '[PAD]', '[PAD]', '[PAD]', '[PAD]', '[PAD]', '[PAD]', '[PAD]', '[PAD]', '[PAD]', '[PAD]', '[PAD]', '[PAD]', '[PAD]', '[PAD]', '[PAD]']
10:27:43:BUS-stop:INFO: Token mask [1 1 1 1 1 1 1 1 1 1 1 1 1 1 1 1 1 1 1 1 1 1 1 1 1 1 1 0 0 0 0 0 0 0 0 0 0
 0 0 0 0 0 0 0 0 0 0 0 0 0 0 0 0 0 0 0 0 0 0 0 0 0 0 0]
10:27:43:BUS-stop:INFO: ***Unlabeled***
10:27:43:BUS-stop:INFO: Example 1
10:27:43:BUS-stop:INFO: Token ids [  101  2045  1005  1055  8636  1997 12537  1998  2059  2045  1005  1055
  2919  3898 18560  1012  1012  1012  2023  2143 15173  1037  2813  7361
  1997  1996  3732  1012   102     0     0     0     0     0     0     0
     0     0     0     0     0     0     0     0     0     0     0     0
     0     0     0     0     0     0     0     0     0     0     0     0
     0     0     0     0]
10:27:43:BUS-stop:INFO: Tokens ['[CLS]', 'there', "'", 's', 'suspension', 'of', 'disbelief', 'and', 'then', 'there', "'", 's', 'bad', 'screen', '##writing', '.', '.', '.', 'this', 'film', 'packs', 'a', 'wall', '##op', 'of', 'the', 'latter', '.', '[SEP]', '[PAD]', '[PAD]', '[PAD]', '[PAD]', '[PAD]', '[PAD]', '[PAD]', '[PAD]', '[PAD]', '[PAD]', '[PAD]', '[PAD]', '[PAD]', '[PAD]', '[PAD]', '[PAD]', '[PAD]', '[PAD]', '[PAD]', '[PAD]', '[PAD]', '[PAD]', '[PAD]', '[PAD]', '[PAD]', '[PAD]', '[PAD]', '[PAD]', '[PAD]', '[PAD]', '[PAD]', '[PAD]', '[PAD]', '[PAD]', '[PAD]']
10:27:43:BUS-stop:INFO: Token mask [1 1 1 1 1 1 1 1 1 1 1 1 1 1 1 1 1 1 1 1 1 1 1 1 1 1 1 1 1 0 0 0 0 0 0 0 0
 0 0 0 0 0 0 0 0 0 0 0 0 0 0 0 0 0 0 0 0 0 0 0 0 0 0 0]
10:27:50:BUS-stop:INFO: ***********************
10:27:50:BUS-stop:INFO: ***Preliminary stage***
10:27:50:BUS-stop:INFO: ***********************
10:30:39:BUS-stop:INFO: In 0-th run, [best_val_acc,best_val_loss] = [0.7,0.5289].
10:33:54:BUS-stop:INFO: In 1-th run, [best_val_acc,best_val_loss] = [0.82,0.3638].
10:37:10:BUS-stop:INFO: In 2-th run, [best_val_acc,best_val_loss] = [0.94,0.2694].
10:40:11:BUS-stop:INFO: In 3-th run, [best_val_acc,best_val_loss] = [0.84,0.4575].
10:42:52:BUS-stop:INFO: In 4-th run, [best_val_acc,best_val_loss] = [0.78,0.5813].
10:42:52:BUS-stop:INFO: p_l_conf = [0.5775,0.6072,0.6104,...,0.9834,0.9878,0.9904]
10:42:52:BUS-stop:INFO: class distribution of unlabeled data: pred [0.3409 0.6591] -> cali [0.2479 0.7521]
10:42:52:BUS-stop:INFO: ****************
10:42:52:BUS-stop:INFO: ***Main stage***
10:42:52:BUS-stop:INFO: ****************
10:43:13:BUS-stop:INFO: Epoch 1, s_conf=3.0418, s_class=0.9033, tst_acc=0.642, tst_loss=0.6741
10:43:20:BUS-stop:INFO: Epoch 2, s_conf=2.5133, s_class=0.9547, tst_acc=0.803, tst_loss=0.5906
10:43:26:BUS-stop:INFO: Epoch 3, s_conf=2.7331, s_class=0.9219, tst_acc=0.756, tst_loss=0.6166
10:43:33:BUS-stop:INFO: Epoch 4, s_conf=2.1778, s_class=0.8804, tst_acc=0.631, tst_loss=0.6499
10:43:39:BUS-stop:INFO: Epoch 5, s_conf=1.8109, s_class=0.9838, tst_acc=0.813, tst_loss=0.4421
10:43:46:BUS-stop:INFO: Epoch 6, s_conf=1.8209, s_class=0.9837, tst_acc=0.803, tst_loss=0.4341
10:43:52:BUS-stop:INFO: Epoch 7, s_conf=1.6929, s_class=0.9999, tst_acc=0.87, tst_loss=0.3421
10:43:59:BUS-stop:INFO: Epoch 8, s_conf=1.802, s_class=0.9977, tst_acc=0.884, tst_loss=0.3568
10:44:05:BUS-stop:INFO: Epoch 9, s_conf=1.9398, s_class=0.9759, tst_acc=0.778, tst_loss=0.7543
10:44:12:BUS-stop:INFO: Epoch 10, s_conf=1.9057, s_class=0.9998, tst_acc=0.836, tst_loss=0.5025
10:44:18:BUS-stop:INFO: Epoch 11, s_conf=1.9597, s_class=0.9806, tst_acc=0.865, tst_loss=0.538
10:44:25:BUS-stop:INFO: Epoch 12, s_conf=2.037, s_class=0.9993, tst_acc=0.83, tst_loss=0.6016
10:44:25:BUS-stop:INFO: ***End training***
10:44:25:BUS-stop:INFO: ***Load the model and Evaluate on test data***
10:44:25:BUS-stop:INFO: BUS-stop's stop_epoch = 7
10:44:28:BUS-stop:INFO: Final tst_acc : 0.87, tst_loss : 0.3421 

10:44:31:BUS-stop:INFO: ***Logging start***
10:44:31:BUS-stop:INFO: task_path = ./data/SST-2/imbal/3
10:44:31:BUS-stop:INFO: {'task': 'SST-2', 'data_path': 'imbal/3', 'seed': 3, 'pt_model': 'TFBertModel', 'pt_model_checkpoint': './params/bert_base/', 'max_seq_length': 64, 'word_freeze': True, 'learning_rate': 3e-05, 'drop_rate': 0.2, 'epochs': 50, 'batch_size': 16, 'patience': 10, 'val_ratio': 0.5, 'T': 5, 'n_base': 5, 'n_que': 5, 'verbose': 0, 'cali_acc_or_f1': 'f1', 'bias_lab_or_val': 'val', 'log_prefix': 'imbal_'}
10:44:31:BUS-stop:INFO: os.environ['CUDA_VISIBLE_DEVICES'] = 2
10:44:31:BUS-stop:INFO: devices = ['/device:GPU:2']
10:44:31:BUS-stop:INFO: Number of devices: 1
10:44:31:BUS-stop:INFO: *******************
10:44:31:BUS-stop:INFO: ***Preprocessing***
10:44:31:BUS-stop:INFO: *******************
10:44:31:BUS-stop:INFO: In file ./data/SST-2/imbal/3/labeled.tsv, we read 100 samples, 
10:44:31:BUS-stop:INFO: where the class distribution is {'0': 50, '1': 50, None: 0}.
10:44:31:BUS-stop:INFO: In file ./data/SST-2/imbal/3/test_with_gold.tsv, we read 1000 samples, 
10:44:31:BUS-stop:INFO: where the class distribution is {'0': 200, '1': 800, None: 0}.
10:44:31:BUS-stop:INFO: In file ./data/SST-2/imbal/3/unlabeled.tsv, we read 1000 samples, 
10:44:31:BUS-stop:INFO: where the class distribution is {'0': 0, '1': 0, None: 1000}.
10:44:32:BUS-stop:INFO: Labeled//Test//Unlabeled matrix shape = (100, 64) // (1000, 64) // (1000, 64)
10:44:32:BUS-stop:INFO: ***Train***
10:44:32:BUS-stop:INFO: Example 0
10:44:32:BUS-stop:INFO: Label 0
10:44:32:BUS-stop:INFO: Token ids [  101  2000  2033  1010  2009  4165  2066  1037 10311 17575  3344  2041
  2011  2273  1997 14785  4454  1010  2007  4668  5649  4784  2055  2308
  1998  1037  2561  3768  1997 26452  1012   102     0     0     0     0
     0     0     0     0     0     0     0     0     0     0     0     0
     0     0     0     0     0     0     0     0     0     0     0     0
     0     0     0     0]
10:44:32:BUS-stop:INFO: Tokens ['[CLS]', 'to', 'me', ',', 'it', 'sounds', 'like', 'a', 'cruel', 'deception', 'carried', 'out', 'by', 'men', 'of', 'marginal', 'intelligence', ',', 'with', 'reaction', '##ary', 'ideas', 'about', 'women', 'and', 'a', 'total', 'lack', 'of', 'empathy', '.', '[SEP]', '[PAD]', '[PAD]', '[PAD]', '[PAD]', '[PAD]', '[PAD]', '[PAD]', '[PAD]', '[PAD]', '[PAD]', '[PAD]', '[PAD]', '[PAD]', '[PAD]', '[PAD]', '[PAD]', '[PAD]', '[PAD]', '[PAD]', '[PAD]', '[PAD]', '[PAD]', '[PAD]', '[PAD]', '[PAD]', '[PAD]', '[PAD]', '[PAD]', '[PAD]', '[PAD]', '[PAD]', '[PAD]']
10:44:32:BUS-stop:INFO: Token mask [1 1 1 1 1 1 1 1 1 1 1 1 1 1 1 1 1 1 1 1 1 1 1 1 1 1 1 1 1 1 1 1 0 0 0 0 0
 0 0 0 0 0 0 0 0 0 0 0 0 0 0 0 0 0 0 0 0 0 0 0 0 0 0 0]
10:44:32:BUS-stop:INFO: ***Train***
10:44:32:BUS-stop:INFO: Example 1
10:44:32:BUS-stop:INFO: Label 0
10:44:32:BUS-stop:INFO: Token ids [  101  2065  3412  3152  2024  1050  1005  1056  2115 15358  2072  7184
  1010  2994  2185  1012   102     0     0     0     0     0     0     0
     0     0     0     0     0     0     0     0     0     0     0     0
     0     0     0     0     0     0     0     0     0     0     0     0
     0     0     0     0     0     0     0     0     0     0     0     0
     0     0     0     0]
10:44:32:BUS-stop:INFO: Tokens ['[CLS]', 'if', 'religious', 'films', 'are', 'n', "'", 't', 'your', 'bail', '##i', '##wick', ',', 'stay', 'away', '.', '[SEP]', '[PAD]', '[PAD]', '[PAD]', '[PAD]', '[PAD]', '[PAD]', '[PAD]', '[PAD]', '[PAD]', '[PAD]', '[PAD]', '[PAD]', '[PAD]', '[PAD]', '[PAD]', '[PAD]', '[PAD]', '[PAD]', '[PAD]', '[PAD]', '[PAD]', '[PAD]', '[PAD]', '[PAD]', '[PAD]', '[PAD]', '[PAD]', '[PAD]', '[PAD]', '[PAD]', '[PAD]', '[PAD]', '[PAD]', '[PAD]', '[PAD]', '[PAD]', '[PAD]', '[PAD]', '[PAD]', '[PAD]', '[PAD]', '[PAD]', '[PAD]', '[PAD]', '[PAD]', '[PAD]', '[PAD]']
10:44:32:BUS-stop:INFO: Token mask [1 1 1 1 1 1 1 1 1 1 1 1 1 1 1 1 1 0 0 0 0 0 0 0 0 0 0 0 0 0 0 0 0 0 0 0 0
 0 0 0 0 0 0 0 0 0 0 0 0 0 0 0 0 0 0 0 0 0 0 0 0 0 0 0]
10:44:32:BUS-stop:INFO: ***Test***
10:44:32:BUS-stop:INFO: Example 0
10:44:32:BUS-stop:INFO: Label 0
10:44:32:BUS-stop:INFO: Token ids [ 101 2339 2002 2001 2445 2489 5853 2058 2023 2622 1011 1011 2002 2626
 1010 2856 1010 5652 1998 2550 1011 1011 2003 3458 2033 1012  102    0
    0    0    0    0    0    0    0    0    0    0    0    0    0    0
    0    0    0    0    0    0    0    0    0    0    0    0    0    0
    0    0    0    0    0    0    0    0]
10:44:32:BUS-stop:INFO: Tokens ['[CLS]', 'why', 'he', 'was', 'given', 'free', 'reign', 'over', 'this', 'project', '-', '-', 'he', 'wrote', ',', 'directed', ',', 'starred', 'and', 'produced', '-', '-', 'is', 'beyond', 'me', '.', '[SEP]', '[PAD]', '[PAD]', '[PAD]', '[PAD]', '[PAD]', '[PAD]', '[PAD]', '[PAD]', '[PAD]', '[PAD]', '[PAD]', '[PAD]', '[PAD]', '[PAD]', '[PAD]', '[PAD]', '[PAD]', '[PAD]', '[PAD]', '[PAD]', '[PAD]', '[PAD]', '[PAD]', '[PAD]', '[PAD]', '[PAD]', '[PAD]', '[PAD]', '[PAD]', '[PAD]', '[PAD]', '[PAD]', '[PAD]', '[PAD]', '[PAD]', '[PAD]', '[PAD]']
10:44:32:BUS-stop:INFO: Token mask [1 1 1 1 1 1 1 1 1 1 1 1 1 1 1 1 1 1 1 1 1 1 1 1 1 1 1 0 0 0 0 0 0 0 0 0 0
 0 0 0 0 0 0 0 0 0 0 0 0 0 0 0 0 0 0 0 0 0 0 0 0 0 0 0]
10:44:32:BUS-stop:INFO: ***Test***
10:44:32:BUS-stop:INFO: Example 1
10:44:32:BUS-stop:INFO: Label 0
10:44:32:BUS-stop:INFO: Token ids [  101  2045  1005  1055  8636  1997 12537  1998  2059  2045  1005  1055
  2919  3898 18560  1012  1012  1012  2023  2143 15173  1037  2813  7361
  1997  1996  3732  1012   102     0     0     0     0     0     0     0
     0     0     0     0     0     0     0     0     0     0     0     0
     0     0     0     0     0     0     0     0     0     0     0     0
     0     0     0     0]
10:44:32:BUS-stop:INFO: Tokens ['[CLS]', 'there', "'", 's', 'suspension', 'of', 'disbelief', 'and', 'then', 'there', "'", 's', 'bad', 'screen', '##writing', '.', '.', '.', 'this', 'film', 'packs', 'a', 'wall', '##op', 'of', 'the', 'latter', '.', '[SEP]', '[PAD]', '[PAD]', '[PAD]', '[PAD]', '[PAD]', '[PAD]', '[PAD]', '[PAD]', '[PAD]', '[PAD]', '[PAD]', '[PAD]', '[PAD]', '[PAD]', '[PAD]', '[PAD]', '[PAD]', '[PAD]', '[PAD]', '[PAD]', '[PAD]', '[PAD]', '[PAD]', '[PAD]', '[PAD]', '[PAD]', '[PAD]', '[PAD]', '[PAD]', '[PAD]', '[PAD]', '[PAD]', '[PAD]', '[PAD]', '[PAD]']
10:44:32:BUS-stop:INFO: Token mask [1 1 1 1 1 1 1 1 1 1 1 1 1 1 1 1 1 1 1 1 1 1 1 1 1 1 1 1 1 0 0 0 0 0 0 0 0
 0 0 0 0 0 0 0 0 0 0 0 0 0 0 0 0 0 0 0 0 0 0 0 0 0 0 0]
10:44:32:BUS-stop:INFO: ***Unlabeled***
10:44:32:BUS-stop:INFO: Example 0
10:44:32:BUS-stop:INFO: Token ids [ 101 2339 2002 2001 2445 2489 5853 2058 2023 2622 1011 1011 2002 2626
 1010 2856 1010 5652 1998 2550 1011 1011 2003 3458 2033 1012  102    0
    0    0    0    0    0    0    0    0    0    0    0    0    0    0
    0    0    0    0    0    0    0    0    0    0    0    0    0    0
    0    0    0    0    0    0    0    0]
10:44:32:BUS-stop:INFO: Tokens ['[CLS]', 'why', 'he', 'was', 'given', 'free', 'reign', 'over', 'this', 'project', '-', '-', 'he', 'wrote', ',', 'directed', ',', 'starred', 'and', 'produced', '-', '-', 'is', 'beyond', 'me', '.', '[SEP]', '[PAD]', '[PAD]', '[PAD]', '[PAD]', '[PAD]', '[PAD]', '[PAD]', '[PAD]', '[PAD]', '[PAD]', '[PAD]', '[PAD]', '[PAD]', '[PAD]', '[PAD]', '[PAD]', '[PAD]', '[PAD]', '[PAD]', '[PAD]', '[PAD]', '[PAD]', '[PAD]', '[PAD]', '[PAD]', '[PAD]', '[PAD]', '[PAD]', '[PAD]', '[PAD]', '[PAD]', '[PAD]', '[PAD]', '[PAD]', '[PAD]', '[PAD]', '[PAD]']
10:44:32:BUS-stop:INFO: Token mask [1 1 1 1 1 1 1 1 1 1 1 1 1 1 1 1 1 1 1 1 1 1 1 1 1 1 1 0 0 0 0 0 0 0 0 0 0
 0 0 0 0 0 0 0 0 0 0 0 0 0 0 0 0 0 0 0 0 0 0 0 0 0 0 0]
10:44:32:BUS-stop:INFO: ***Unlabeled***
10:44:32:BUS-stop:INFO: Example 1
10:44:32:BUS-stop:INFO: Token ids [  101  2045  1005  1055  8636  1997 12537  1998  2059  2045  1005  1055
  2919  3898 18560  1012  1012  1012  2023  2143 15173  1037  2813  7361
  1997  1996  3732  1012   102     0     0     0     0     0     0     0
     0     0     0     0     0     0     0     0     0     0     0     0
     0     0     0     0     0     0     0     0     0     0     0     0
     0     0     0     0]
10:44:32:BUS-stop:INFO: Tokens ['[CLS]', 'there', "'", 's', 'suspension', 'of', 'disbelief', 'and', 'then', 'there', "'", 's', 'bad', 'screen', '##writing', '.', '.', '.', 'this', 'film', 'packs', 'a', 'wall', '##op', 'of', 'the', 'latter', '.', '[SEP]', '[PAD]', '[PAD]', '[PAD]', '[PAD]', '[PAD]', '[PAD]', '[PAD]', '[PAD]', '[PAD]', '[PAD]', '[PAD]', '[PAD]', '[PAD]', '[PAD]', '[PAD]', '[PAD]', '[PAD]', '[PAD]', '[PAD]', '[PAD]', '[PAD]', '[PAD]', '[PAD]', '[PAD]', '[PAD]', '[PAD]', '[PAD]', '[PAD]', '[PAD]', '[PAD]', '[PAD]', '[PAD]', '[PAD]', '[PAD]', '[PAD]']
10:44:32:BUS-stop:INFO: Token mask [1 1 1 1 1 1 1 1 1 1 1 1 1 1 1 1 1 1 1 1 1 1 1 1 1 1 1 1 1 0 0 0 0 0 0 0 0
 0 0 0 0 0 0 0 0 0 0 0 0 0 0 0 0 0 0 0 0 0 0 0 0 0 0 0]
10:44:39:BUS-stop:INFO: ***********************
10:44:39:BUS-stop:INFO: ***Preliminary stage***
10:44:39:BUS-stop:INFO: ***********************
10:47:34:BUS-stop:INFO: In 0-th run, [best_val_acc,best_val_loss] = [0.74,0.4717].
10:50:56:BUS-stop:INFO: In 1-th run, [best_val_acc,best_val_loss] = [0.94,0.2407].
10:54:08:BUS-stop:INFO: In 2-th run, [best_val_acc,best_val_loss] = [0.84,0.3011].
10:57:11:BUS-stop:INFO: In 3-th run, [best_val_acc,best_val_loss] = [0.88,0.2913].
11:00:11:BUS-stop:INFO: In 4-th run, [best_val_acc,best_val_loss] = [0.86,0.3686].
11:00:11:BUS-stop:INFO: p_l_conf = [0.5202,0.6134,0.6377,...,0.9864,0.9866,0.9902]
11:00:11:BUS-stop:INFO: class distribution of unlabeled data: pred [0.3434 0.6566] -> cali [0.2599 0.7401]
11:00:11:BUS-stop:INFO: ****************
11:00:11:BUS-stop:INFO: ***Main stage***
11:00:11:BUS-stop:INFO: ****************
11:00:32:BUS-stop:INFO: Epoch 1, s_conf=3.0081, s_class=0.9481, tst_acc=0.815, tst_loss=0.6019
11:00:38:BUS-stop:INFO: Epoch 2, s_conf=3.009, s_class=0.891, tst_acc=0.624, tst_loss=0.6533
11:00:45:BUS-stop:INFO: Epoch 3, s_conf=2.1752, s_class=0.9799, tst_acc=0.869, tst_loss=0.4518
11:00:51:BUS-stop:INFO: Epoch 4, s_conf=1.8556, s_class=0.9512, tst_acc=0.782, tst_loss=0.4796
11:00:58:BUS-stop:INFO: Epoch 5, s_conf=1.4751, s_class=0.9991, tst_acc=0.892, tst_loss=0.2609
11:01:04:BUS-stop:INFO: Epoch 6, s_conf=1.6592, s_class=0.997, tst_acc=0.861, tst_loss=0.3871
11:01:11:BUS-stop:INFO: Epoch 7, s_conf=1.7403, s_class=0.9936, tst_acc=0.839, tst_loss=0.506
11:01:17:BUS-stop:INFO: Epoch 8, s_conf=1.7311, s_class=0.9991, tst_acc=0.886, tst_loss=0.3839
11:01:24:BUS-stop:INFO: Epoch 9, s_conf=1.7174, s_class=0.9992, tst_acc=0.882, tst_loss=0.4275
11:01:30:BUS-stop:INFO: Epoch 10, s_conf=1.7072, s_class=0.9999, tst_acc=0.868, tst_loss=0.4875
11:01:30:BUS-stop:INFO: ***End training***
11:01:30:BUS-stop:INFO: ***Load the model and Evaluate on test data***
11:01:30:BUS-stop:INFO: BUS-stop's stop_epoch = 9
11:01:33:BUS-stop:INFO: Final tst_acc : 0.882, tst_loss : 0.4275 

11:01:37:BUS-stop:INFO: ***Logging start***
11:01:37:BUS-stop:INFO: task_path = ./data/SST-2/imbal/4
11:01:37:BUS-stop:INFO: {'task': 'SST-2', 'data_path': 'imbal/4', 'seed': 4, 'pt_model': 'TFBertModel', 'pt_model_checkpoint': './params/bert_base/', 'max_seq_length': 64, 'word_freeze': True, 'learning_rate': 3e-05, 'drop_rate': 0.2, 'epochs': 50, 'batch_size': 16, 'patience': 10, 'val_ratio': 0.5, 'T': 5, 'n_base': 5, 'n_que': 5, 'verbose': 0, 'cali_acc_or_f1': 'f1', 'bias_lab_or_val': 'val', 'log_prefix': 'imbal_'}
11:01:37:BUS-stop:INFO: os.environ['CUDA_VISIBLE_DEVICES'] = 2
11:01:37:BUS-stop:INFO: devices = ['/device:GPU:2']
11:01:37:BUS-stop:INFO: Number of devices: 1
11:01:37:BUS-stop:INFO: *******************
11:01:37:BUS-stop:INFO: ***Preprocessing***
11:01:37:BUS-stop:INFO: *******************
11:01:37:BUS-stop:INFO: In file ./data/SST-2/imbal/4/labeled.tsv, we read 100 samples, 
11:01:37:BUS-stop:INFO: where the class distribution is {'0': 50, '1': 50, None: 0}.
11:01:37:BUS-stop:INFO: In file ./data/SST-2/imbal/4/test_with_gold.tsv, we read 1000 samples, 
11:01:37:BUS-stop:INFO: where the class distribution is {'0': 200, '1': 800, None: 0}.
11:01:37:BUS-stop:INFO: In file ./data/SST-2/imbal/4/unlabeled.tsv, we read 1000 samples, 
11:01:37:BUS-stop:INFO: where the class distribution is {'0': 0, '1': 0, None: 1000}.
11:01:37:BUS-stop:INFO: Labeled//Test//Unlabeled matrix shape = (100, 64) // (1000, 64) // (1000, 64)
11:01:37:BUS-stop:INFO: ***Train***
11:01:37:BUS-stop:INFO: Example 0
11:01:37:BUS-stop:INFO: Label 0
11:01:37:BUS-stop:INFO: Token ids [  101  1996  2878  2518  3310  2125  2066  1037  3391  5515  4509  2792
  1997  2022  9148 28265  2008  3138  2173  2076  3500  3338  1012   102
     0     0     0     0     0     0     0     0     0     0     0     0
     0     0     0     0     0     0     0     0     0     0     0     0
     0     0     0     0     0     0     0     0     0     0     0     0
     0     0     0     0]
11:01:37:BUS-stop:INFO: Tokens ['[CLS]', 'the', 'whole', 'thing', 'comes', 'off', 'like', 'a', 'particularly', 'amateur', '##ish', 'episode', 'of', 'be', '##wi', '##tched', 'that', 'takes', 'place', 'during', 'spring', 'break', '.', '[SEP]', '[PAD]', '[PAD]', '[PAD]', '[PAD]', '[PAD]', '[PAD]', '[PAD]', '[PAD]', '[PAD]', '[PAD]', '[PAD]', '[PAD]', '[PAD]', '[PAD]', '[PAD]', '[PAD]', '[PAD]', '[PAD]', '[PAD]', '[PAD]', '[PAD]', '[PAD]', '[PAD]', '[PAD]', '[PAD]', '[PAD]', '[PAD]', '[PAD]', '[PAD]', '[PAD]', '[PAD]', '[PAD]', '[PAD]', '[PAD]', '[PAD]', '[PAD]', '[PAD]', '[PAD]', '[PAD]', '[PAD]']
11:01:37:BUS-stop:INFO: Token mask [1 1 1 1 1 1 1 1 1 1 1 1 1 1 1 1 1 1 1 1 1 1 1 1 0 0 0 0 0 0 0 0 0 0 0 0 0
 0 0 0 0 0 0 0 0 0 0 0 0 0 0 0 0 0 0 0 0 0 0 0 0 0 0 0]
11:01:37:BUS-stop:INFO: ***Train***
11:01:37:BUS-stop:INFO: Example 1
11:01:37:BUS-stop:INFO: Label 0
11:01:37:BUS-stop:INFO: Token ids [  101  2612  1997  2667  2000 13950  2070  9081  2015  1010  1011  1048
 15185  1011 10667  5620  1011 25269  2497  1011  2323  2022 28664  2339
  1037  3124  2007  2010  5848  3092  2039  1999  1037  3185  2023  2919
  1012   102     0     0     0     0     0     0     0     0     0     0
     0     0     0     0     0     0     0     0     0     0     0     0
     0     0     0     0]
11:01:37:BUS-stop:INFO: Tokens ['[CLS]', 'instead', 'of', 'trying', 'to', 'bust', 'some', 'blonde', '##s', ',', '-', 'l', '##rb', '-', 'dig', '##gs', '-', 'rr', '##b', '-', 'should', 'be', 'probing', 'why', 'a', 'guy', 'with', 'his', 'talent', 'ended', 'up', 'in', 'a', 'movie', 'this', 'bad', '.', '[SEP]', '[PAD]', '[PAD]', '[PAD]', '[PAD]', '[PAD]', '[PAD]', '[PAD]', '[PAD]', '[PAD]', '[PAD]', '[PAD]', '[PAD]', '[PAD]', '[PAD]', '[PAD]', '[PAD]', '[PAD]', '[PAD]', '[PAD]', '[PAD]', '[PAD]', '[PAD]', '[PAD]', '[PAD]', '[PAD]', '[PAD]']
11:01:37:BUS-stop:INFO: Token mask [1 1 1 1 1 1 1 1 1 1 1 1 1 1 1 1 1 1 1 1 1 1 1 1 1 1 1 1 1 1 1 1 1 1 1 1 1
 1 0 0 0 0 0 0 0 0 0 0 0 0 0 0 0 0 0 0 0 0 0 0 0 0 0 0]
11:01:37:BUS-stop:INFO: ***Test***
11:01:37:BUS-stop:INFO: Example 0
11:01:37:BUS-stop:INFO: Label 0
11:01:37:BUS-stop:INFO: Token ids [ 101 2339 2002 2001 2445 2489 5853 2058 2023 2622 1011 1011 2002 2626
 1010 2856 1010 5652 1998 2550 1011 1011 2003 3458 2033 1012  102    0
    0    0    0    0    0    0    0    0    0    0    0    0    0    0
    0    0    0    0    0    0    0    0    0    0    0    0    0    0
    0    0    0    0    0    0    0    0]
11:01:37:BUS-stop:INFO: Tokens ['[CLS]', 'why', 'he', 'was', 'given', 'free', 'reign', 'over', 'this', 'project', '-', '-', 'he', 'wrote', ',', 'directed', ',', 'starred', 'and', 'produced', '-', '-', 'is', 'beyond', 'me', '.', '[SEP]', '[PAD]', '[PAD]', '[PAD]', '[PAD]', '[PAD]', '[PAD]', '[PAD]', '[PAD]', '[PAD]', '[PAD]', '[PAD]', '[PAD]', '[PAD]', '[PAD]', '[PAD]', '[PAD]', '[PAD]', '[PAD]', '[PAD]', '[PAD]', '[PAD]', '[PAD]', '[PAD]', '[PAD]', '[PAD]', '[PAD]', '[PAD]', '[PAD]', '[PAD]', '[PAD]', '[PAD]', '[PAD]', '[PAD]', '[PAD]', '[PAD]', '[PAD]', '[PAD]']
11:01:37:BUS-stop:INFO: Token mask [1 1 1 1 1 1 1 1 1 1 1 1 1 1 1 1 1 1 1 1 1 1 1 1 1 1 1 0 0 0 0 0 0 0 0 0 0
 0 0 0 0 0 0 0 0 0 0 0 0 0 0 0 0 0 0 0 0 0 0 0 0 0 0 0]
11:01:37:BUS-stop:INFO: ***Test***
11:01:37:BUS-stop:INFO: Example 1
11:01:37:BUS-stop:INFO: Label 0
11:01:37:BUS-stop:INFO: Token ids [  101  2045  1005  1055  8636  1997 12537  1998  2059  2045  1005  1055
  2919  3898 18560  1012  1012  1012  2023  2143 15173  1037  2813  7361
  1997  1996  3732  1012   102     0     0     0     0     0     0     0
     0     0     0     0     0     0     0     0     0     0     0     0
     0     0     0     0     0     0     0     0     0     0     0     0
     0     0     0     0]
11:01:37:BUS-stop:INFO: Tokens ['[CLS]', 'there', "'", 's', 'suspension', 'of', 'disbelief', 'and', 'then', 'there', "'", 's', 'bad', 'screen', '##writing', '.', '.', '.', 'this', 'film', 'packs', 'a', 'wall', '##op', 'of', 'the', 'latter', '.', '[SEP]', '[PAD]', '[PAD]', '[PAD]', '[PAD]', '[PAD]', '[PAD]', '[PAD]', '[PAD]', '[PAD]', '[PAD]', '[PAD]', '[PAD]', '[PAD]', '[PAD]', '[PAD]', '[PAD]', '[PAD]', '[PAD]', '[PAD]', '[PAD]', '[PAD]', '[PAD]', '[PAD]', '[PAD]', '[PAD]', '[PAD]', '[PAD]', '[PAD]', '[PAD]', '[PAD]', '[PAD]', '[PAD]', '[PAD]', '[PAD]', '[PAD]']
11:01:37:BUS-stop:INFO: Token mask [1 1 1 1 1 1 1 1 1 1 1 1 1 1 1 1 1 1 1 1 1 1 1 1 1 1 1 1 1 0 0 0 0 0 0 0 0
 0 0 0 0 0 0 0 0 0 0 0 0 0 0 0 0 0 0 0 0 0 0 0 0 0 0 0]
11:01:37:BUS-stop:INFO: ***Unlabeled***
11:01:37:BUS-stop:INFO: Example 0
11:01:37:BUS-stop:INFO: Token ids [ 101 2339 2002 2001 2445 2489 5853 2058 2023 2622 1011 1011 2002 2626
 1010 2856 1010 5652 1998 2550 1011 1011 2003 3458 2033 1012  102    0
    0    0    0    0    0    0    0    0    0    0    0    0    0    0
    0    0    0    0    0    0    0    0    0    0    0    0    0    0
    0    0    0    0    0    0    0    0]
11:01:37:BUS-stop:INFO: Tokens ['[CLS]', 'why', 'he', 'was', 'given', 'free', 'reign', 'over', 'this', 'project', '-', '-', 'he', 'wrote', ',', 'directed', ',', 'starred', 'and', 'produced', '-', '-', 'is', 'beyond', 'me', '.', '[SEP]', '[PAD]', '[PAD]', '[PAD]', '[PAD]', '[PAD]', '[PAD]', '[PAD]', '[PAD]', '[PAD]', '[PAD]', '[PAD]', '[PAD]', '[PAD]', '[PAD]', '[PAD]', '[PAD]', '[PAD]', '[PAD]', '[PAD]', '[PAD]', '[PAD]', '[PAD]', '[PAD]', '[PAD]', '[PAD]', '[PAD]', '[PAD]', '[PAD]', '[PAD]', '[PAD]', '[PAD]', '[PAD]', '[PAD]', '[PAD]', '[PAD]', '[PAD]', '[PAD]']
11:01:37:BUS-stop:INFO: Token mask [1 1 1 1 1 1 1 1 1 1 1 1 1 1 1 1 1 1 1 1 1 1 1 1 1 1 1 0 0 0 0 0 0 0 0 0 0
 0 0 0 0 0 0 0 0 0 0 0 0 0 0 0 0 0 0 0 0 0 0 0 0 0 0 0]
11:01:37:BUS-stop:INFO: ***Unlabeled***
11:01:37:BUS-stop:INFO: Example 1
11:01:37:BUS-stop:INFO: Token ids [  101  2045  1005  1055  8636  1997 12537  1998  2059  2045  1005  1055
  2919  3898 18560  1012  1012  1012  2023  2143 15173  1037  2813  7361
  1997  1996  3732  1012   102     0     0     0     0     0     0     0
     0     0     0     0     0     0     0     0     0     0     0     0
     0     0     0     0     0     0     0     0     0     0     0     0
     0     0     0     0]
11:01:37:BUS-stop:INFO: Tokens ['[CLS]', 'there', "'", 's', 'suspension', 'of', 'disbelief', 'and', 'then', 'there', "'", 's', 'bad', 'screen', '##writing', '.', '.', '.', 'this', 'film', 'packs', 'a', 'wall', '##op', 'of', 'the', 'latter', '.', '[SEP]', '[PAD]', '[PAD]', '[PAD]', '[PAD]', '[PAD]', '[PAD]', '[PAD]', '[PAD]', '[PAD]', '[PAD]', '[PAD]', '[PAD]', '[PAD]', '[PAD]', '[PAD]', '[PAD]', '[PAD]', '[PAD]', '[PAD]', '[PAD]', '[PAD]', '[PAD]', '[PAD]', '[PAD]', '[PAD]', '[PAD]', '[PAD]', '[PAD]', '[PAD]', '[PAD]', '[PAD]', '[PAD]', '[PAD]', '[PAD]', '[PAD]']
11:01:37:BUS-stop:INFO: Token mask [1 1 1 1 1 1 1 1 1 1 1 1 1 1 1 1 1 1 1 1 1 1 1 1 1 1 1 1 1 0 0 0 0 0 0 0 0
 0 0 0 0 0 0 0 0 0 0 0 0 0 0 0 0 0 0 0 0 0 0 0 0 0 0 0]
11:01:44:BUS-stop:INFO: ***********************
11:01:44:BUS-stop:INFO: ***Preliminary stage***
11:01:44:BUS-stop:INFO: ***********************
11:04:32:BUS-stop:INFO: In 0-th run, [best_val_acc,best_val_loss] = [0.76,0.5434].
11:07:19:BUS-stop:INFO: In 1-th run, [best_val_acc,best_val_loss] = [0.76,0.4759].
11:10:09:BUS-stop:INFO: In 2-th run, [best_val_acc,best_val_loss] = [0.86,0.4086].
11:13:23:BUS-stop:INFO: In 3-th run, [best_val_acc,best_val_loss] = [0.9,0.3106].
11:16:28:BUS-stop:INFO: In 4-th run, [best_val_acc,best_val_loss] = [0.86,0.3946].
11:16:28:BUS-stop:INFO: p_l_conf = [0.6036,0.6189,0.6381,...,0.9823,0.9874,0.9884]
11:16:28:BUS-stop:INFO: class distribution of unlabeled data: pred [0.3464 0.6536] -> cali [0.2626 0.7374]
11:16:28:BUS-stop:INFO: ****************
11:16:28:BUS-stop:INFO: ***Main stage***
11:16:28:BUS-stop:INFO: ****************
11:16:49:BUS-stop:INFO: Epoch 1, s_conf=3.1867, s_class=0.9044, tst_acc=0.617, tst_loss=0.6754
11:16:55:BUS-stop:INFO: Epoch 2, s_conf=2.5427, s_class=0.9684, tst_acc=0.817, tst_loss=0.5627
11:17:02:BUS-stop:INFO: Epoch 3, s_conf=2.6153, s_class=0.8478, tst_acc=0.498, tst_loss=0.7153
11:17:08:BUS-stop:INFO: Epoch 4, s_conf=2.0996, s_class=0.9251, tst_acc=0.723, tst_loss=0.558
11:17:15:BUS-stop:INFO: Epoch 5, s_conf=1.8018, s_class=0.9469, tst_acc=0.762, tst_loss=0.5186
11:17:21:BUS-stop:INFO: Epoch 6, s_conf=1.7186, s_class=0.9805, tst_acc=0.801, tst_loss=0.5153
11:17:28:BUS-stop:INFO: Epoch 7, s_conf=1.7832, s_class=0.9745, tst_acc=0.776, tst_loss=0.7136
11:17:34:BUS-stop:INFO: Epoch 8, s_conf=1.8401, s_class=0.9913, tst_acc=0.808, tst_loss=0.6419
11:17:41:BUS-stop:INFO: Epoch 9, s_conf=1.8049, s_class=0.9923, tst_acc=0.813, tst_loss=0.6546
11:17:47:BUS-stop:INFO: Epoch 10, s_conf=1.8046, s_class=0.9829, tst_acc=0.779, tst_loss=0.7896
11:17:54:BUS-stop:INFO: Epoch 11, s_conf=1.7734, s_class=0.9819, tst_acc=0.772, tst_loss=0.8392
11:17:54:BUS-stop:INFO: ***End training***
11:17:54:BUS-stop:INFO: ***Load the model and Evaluate on test data***
11:17:54:BUS-stop:INFO: BUS-stop's stop_epoch = 9
11:17:57:BUS-stop:INFO: Final tst_acc : 0.813, tst_loss : 0.6546 

